info  - Loaded env from /Users/chanhyuk/Desktop/personal/toppings-client/apps/admin/.env.local
info  - Linting and checking validity of types...
error - ESLint must be installed in order to run during builds: yarn add --dev eslint
info  - Creating an optimized production build...
info  - Compiled successfully
info  - Collecting page data...
info  - Generating static pages (0/6)
info  - Generating static pages (1/6)
info  - Generating static pages (2/6)
info  - Generating static pages (4/6)
info  - Generating static pages (6/6)
info  - Finalizing page optimization...

Route (pages)                              Size     First Load JS
┌ ○ / (903 ms)                             341 B           205 kB
├   /_app                                  0 B             205 kB
├ ○ /404                                   182 B           205 kB
├ ○ /login                                 4.62 kB         227 kB
├ ○ /overview (947 ms)                     5.81 kB         228 kB
└ ○ /posts (915 ms)                        271 B           205 kB
+ First Load JS shared by all              205 kB
  ├ chunks/framework-a854c81c24cf2e55.js   45.4 kB
  ├ chunks/main-383f5b188f3e53c1.js        30.6 kB
  ├ chunks/pages/_app-578acf81a9e86314.js  127 kB
  └ chunks/webpack-2d6c20b89449f43d.js     1.04 kB

○  (Static)  automatically rendered as static HTML (uses no initial props)

