info  - Loaded env from /Users/donggyukim/Desktop/dev/toppings-client/apps/client/.env.local
info  - Linting and checking validity of types...
error - ESLint must be installed in order to run during builds: yarn add --dev eslint
info  - Creating an optimized production build...
warn  - Compiled with warnings

../../.yarn/cache/axios-npm-1.2.0-ad83373c57-f08ce214e9.zip/node_modules/axios/lib/helpers/toFormData.js
A Node.js API is used (Buffer at line: 138) which is not supported in the Edge Runtime.
Learn more: https://nextjs.org/docs/api-reference/edge-runtime

Import trace for requested module:
../../.yarn/cache/axios-npm-1.2.0-ad83373c57-f08ce214e9.zip/node_modules/axios/lib/helpers/toFormData.js
../../.yarn/cache/axios-npm-1.2.0-ad83373c57-f08ce214e9.zip/node_modules/axios/lib/axios.js
../../.yarn/cache/axios-npm-1.2.0-ad83373c57-f08ce214e9.zip/node_modules/axios/index.js
./constants/Api.ts
./constants/index.ts

info  - Collecting page data...
info  - Generating static pages (0/19)
info  - Generating static pages (4/19)
info  - Generating static pages (9/19)
info  - Generating static pages (14/19)
info  - Generating static pages (19/19)
info  - Finalizing page optimization...

Route (pages)                              Size     First Load JS
┌ ○ /                                      632 B           329 kB
├   /_app                                  0 B             324 kB
├ ○ /404                                   182 B           324 kB
├ ○ /login                                 458 B           324 kB
├ ○ /login/redirect                        272 B           324 kB
├ ○ /map                                   2.82 kB         327 kB
├ ○ /notice                                276 B           324 kB
├ λ /post/[id]                             566 B           324 kB
├ ○ /post/add                              2.69 kB         331 kB
├ λ /profile                               2.28 kB         326 kB
├ λ /profile/edit                          2.86 kB         327 kB
├ ○ /profile/edit/eatingHabits             710 B           329 kB
├ ○ /profile/edit/nationality              716 B           329 kB
├ ○ /profile/menu                          1.26 kB         325 kB
├ λ /profile/posts                         1.77 kB         326 kB
├ ○ /profile/reviews                       265 B           324 kB
├ ○ /profile/saved                         263 B           324 kB
├ ○ /recent                                3.29 kB         327 kB
├ ○ /recent/eatingHabit                    908 B           329 kB
├ ○ /recent/nationality                    1.01 kB         329 kB
├ ○ /recent/restaurant                     1.24 kB         325 kB
├ ○ /register/eatingHabits                 1.5 kB          330 kB
├ ○ /register/nationality                  693 B           329 kB
└ λ /search/[type]                         1.81 kB         326 kB
+ First Load JS shared by all              324 kB
  ├ chunks/framework-749f74b9b46c2a3f.js   45.4 kB
  ├ chunks/main-e2980877f7152e6b.js        30.7 kB
  ├ chunks/pages/_app-f0d0373deeee3748.js  247 kB
  └ chunks/webpack-c7d671fbd3a7f0f1.js     1.14 kB

ƒ Middleware                               58.4 kB

λ  (Server)  server-side renders at runtime (uses getInitialProps or getServerSideProps)
○  (Static)  automatically rendered as static HTML (uses no initial props)

