info  - Linting and checking validity of types...
error - ESLint must be installed in order to run during builds: yarn add --dev eslint
info  - Creating an optimized production build...
info  - Compiled successfully
info  - Collecting page data...
info  - Generating static pages (0/3)
info  - Generating static pages (3/3)
info  - Finalizing page optimization...

Route (pages)                              Size     First Load JS
┌ ○ /                                      4.32 kB        77.7 kB
├   └ css/ae0e3e027412e072.css             707 B
├   /_app                                  0 B            73.4 kB
├ ○ /404                                   182 B          73.5 kB
└ λ /api/hello                             0 B            73.4 kB
+ First Load JS shared by all              73.6 kB
  ├ chunks/framework-2cdf000d232f4c45.js   45.4 kB
  ├ chunks/main-5cebb137c8ddebba.js        26.9 kB
  ├ chunks/pages/_app-5c2686860a72d4ca.js  298 B
  ├ chunks/webpack-8fa1640cc84ba8fe.js     750 B
  └ css/ab44ce7add5c3d11.css               247 B

λ  (Server)  server-side renders at runtime (uses getInitialProps or getServerSideProps)
○  (Static)  automatically rendered as static HTML (uses no initial props)

